# JRE version: Java(TM) SE Runtime Environment (8.0_181-b13) (build 1.8.0_181-b13)
# Java VM: Java HotSpot(TM) 64-Bit Server VM (25.181-b13 mixed mode windows-amd64 compressed oops)
Heap:
 PSYoungGen      total 498688K, used 112166K [0x00000000d8780000, 0x0000000100000000, 0x0000000100000000)
  eden space 369664K, 30% used [0x00000000d8780000,0x00000000df509978,0x00000000ef080000)
  from space 129024K, 0% used [0x00000000ef080000,0x00000000ef080000,0x00000000f6e80000)
  to   space 128000K, 0% used [0x00000000f8300000,0x00000000f8300000,0x0000000100000000)
 ParOldGen       total 185344K, used 58622K [0x0000000089600000, 0x0000000094b00000, 0x00000000d8780000)
  object space 185344K, 31% used [0x0000000089600000,0x000000008cf3fa58,0x0000000094b00000)
 Metaspace       used 65621K, capacity 66544K, committed 66944K, reserved 1107968K
  class space    used 7977K, capacity 8251K, committed 8320K, reserved 1048576K
GC Heap History (10 events):
Event: 23.046 GC heap before
{Heap before GC invocations=17 (full 2):
 PSYoungGen      total 458752K, used 389655K [0x00000000d8780000, 0x0000000100000000, 0x0000000100000000)
  eden space 361984K, 80% used [0x00000000d8780000,0x00000000ea58a808,0x00000000ee900000)
  from space 96768K, 99% used [0x00000000fa180000,0x00000000ffffb5f8,0x0000000100000000)
  to   space 142848K, 0% used [0x00000000ee900000,0x00000000ee900000,0x00000000f7480000)
 ParOldGen       total 194560K, used 151515K [0x0000000089600000, 0x0000000095400000, 0x00000000d8780000)
  object space 194560K, 77% used [0x0000000089600000,0x00000000929f6e10,0x0000000095400000)
 Metaspace       used 35921K, capacity 36450K, committed 36696K, reserved 1081344K
  class space    used 4356K, capacity 4528K, committed 4608K, reserved 1048576K
Event: 23.097 GC heap after
Heap after GC invocations=17 (full 2):
 PSYoungGen      total 504832K, used 41470K [0x00000000d8780000, 0x0000000100000000, 0x0000000100000000)
  eden space 361984K, 0% used [0x00000000d8780000,0x00000000d8780000,0x00000000ee900000)
  from space 142848K, 29% used [0x00000000ee900000,0x00000000f117f9f0,0x00000000f7480000)
  to   space 135168K, 0% used [0x00000000f7c00000,0x00000000f7c00000,0x0000000100000000)
 ParOldGen       total 194560K, used 152439K [0x0000000089600000, 0x0000000095400000, 0x00000000d8780000)
  object space 194560K, 78% used [0x0000000089600000,0x0000000092adde40,0x0000000095400000)
 Metaspace       used 35921K, capacity 36450K, committed 36696K, reserved 1081344K
  class space    used 4356K, capacity 4528K, committed 4608K, reserved 1048576K
}
Event: 23.097 GC heap before
{Heap before GC invocations=18 (full 3):
 PSYoungGen      total 504832K, used 41470K [0x00000000d8780000, 0x0000000100000000, 0x0000000100000000)
  eden space 361984K, 0% used [0x00000000d8780000,0x00000000d8780000,0x00000000ee900000)
  from space 142848K, 29% used [0x00000000ee900000,0x00000000f117f9f0,0x00000000f7480000)
  to   space 135168K, 0% used [0x00000000f7c00000,0x00000000f7c00000,0x0000000100000000)
 ParOldGen       total 194560K, used 152439K [0x0000000089600000, 0x0000000095400000, 0x00000000d8780000)
  object space 194560K, 78% used [0x0000000089600000,0x0000000092adde40,0x0000000095400000)
 Metaspace       used 35921K, capacity 36450K, committed 36696K, reserved 1081344K
  class space    used 4356K, capacity 4528K, committed 4608K, reserved 1048576K
Event: 23.323 GC heap after
Heap after GC invocations=18 (full 3):
 PSYoungGen      total 504832K, used 0K [0x00000000d8780000, 0x0000000100000000, 0x0000000100000000)
  eden space 361984K, 0% used [0x00000000d8780000,0x00000000d8780000,0x00000000ee900000)
  from space 142848K, 0% used [0x00000000ee900000,0x00000000ee900000,0x00000000f7480000)
  to   space 135168K, 0% used [0x00000000f7c00000,0x00000000f7c00000,0x0000000100000000)
 ParOldGen       total 173056K, used 66424K [0x0000000089600000, 0x0000000093f00000, 0x00000000d8780000)
  object space 173056K, 38% used [0x0000000089600000,0x000000008d6de218,0x0000000093f00000)
 Metaspace       used 35921K, capacity 36450K, committed 36696K, reserved 1081344K
  class space    used 4356K, capacity 4528K, committed 4608K, reserved 1048576K
}
Event: 28.027 GC heap before
{Heap before GC invocations=19 (full 3):
 PSYoungGen      total 504832K, used 361984K [0x00000000d8780000, 0x0000000100000000, 0x0000000100000000)
  eden space 361984K, 100% used [0x00000000d8780000,0x00000000ee900000,0x00000000ee900000)
  from space 142848K, 0% used [0x00000000ee900000,0x00000000ee900000,0x00000000f7480000)
  to   space 135168K, 0% used [0x00000000f7c00000,0x00000000f7c00000,0x0000000100000000)
 ParOldGen       total 173056K, used 66424K [0x0000000089600000, 0x0000000093f00000, 0x00000000d8780000)
  object space 173056K, 38% used [0x0000000089600000,0x000000008d6de218,0x0000000093f00000)
 Metaspace       used 55062K, capacity 55830K, committed 56192K, reserved 1097728K
  class space    used 6719K, capacity 6932K, committed 7040K, reserved 1048576K
Event: 28.072 GC heap after
Heap after GC invocations=19 (full 3):
 PSYoungGen      total 484864K, used 35162K [0x00000000d8780000, 0x00000000fec80000, 0x0000000100000000)
  eden space 369664K, 0% used [0x00000000d8780000,0x00000000d8780000,0x00000000ef080000)
  from space 115200K, 30% used [0x00000000f7c00000,0x00000000f9e56ae0,0x00000000fec80000)
  to   space 129024K, 0% used [0x00000000ef080000,0x00000000ef080000,0x00000000f6e80000)
 ParOldGen       total 173056K, used 66432K [0x0000000089600000, 0x0000000093f00000, 0x00000000d8780000)
  object space 173056K, 38% used [0x0000000089600000,0x000000008d6e0218,0x0000000093f00000)
 Metaspace       used 55062K, capacity 55830K, committed 56192K, reserved 1097728K
  class space    used 6719K, capacity 6932K, committed 7040K, reserved 1048576K
}
Event: 30.331 GC heap before
{Heap before GC invocations=20 (full 3):
 PSYoungGen      total 484864K, used 109620K [0x00000000d8780000, 0x00000000fec80000, 0x0000000100000000)
  eden space 369664K, 20% used [0x00000000d8780000,0x00000000dd0366a0,0x00000000ef080000)
  from space 115200K, 30% used [0x00000000f7c00000,0x00000000f9e56ae0,0x00000000fec80000)
  to   space 129024K, 0% used [0x00000000ef080000,0x00000000ef080000,0x00000000f6e80000)
 ParOldGen       total 173056K, used 66432K [0x0000000089600000, 0x0000000093f00000, 0x00000000d8780000)
  object space 173056K, 38% used [0x0000000089600000,0x000000008d6e0218,0x0000000093f00000)
 Metaspace       used 60069K, capacity 60932K, committed 61160K, reserved 1103872K
  class space    used 7295K, capacity 7539K, committed 7552K, reserved 1048576K
Event: 30.356 GC heap after
Heap after GC invocations=20 (full 3):
 PSYoungGen      total 498688K, used 7735K [0x00000000d8780000, 0x0000000100000000, 0x0000000100000000)
  eden space 369664K, 0% used [0x00000000d8780000,0x00000000d8780000,0x00000000ef080000)
  from space 129024K, 5% used [0x00000000ef080000,0x00000000ef80dc90,0x00000000f6e80000)
  to   space 128000K, 0% used [0x00000000f8300000,0x00000000f8300000,0x0000000100000000)
 ParOldGen       total 173056K, used 88975K [0x0000000089600000, 0x0000000093f00000, 0x00000000d8780000)
  object space 173056K, 51% used [0x0000000089600000,0x000000008ece3cd8,0x0000000093f00000)
 Metaspace       used 60069K, capacity 60932K, committed 61160K, reserved 1103872K
  class space    used 7295K, capacity 7539K, committed 7552K, reserved 1048576K
}
Event: 30.356 GC heap before
{Heap before GC invocations=21 (full 4):
 PSYoungGen      total 498688K, used 7735K [0x00000000d8780000, 0x0000000100000000, 0x0000000100000000)
  eden space 369664K, 0% used [0x00000000d8780000,0x00000000d8780000,0x00000000ef080000)
  from space 129024K, 5% used [0x00000000ef080000,0x00000000ef80dc90,0x00000000f6e80000)
  to   space 128000K, 0% used [0x00000000f8300000,0x00000000f8300000,0x0000000100000000)
 ParOldGen       total 173056K, used 88975K [0x0000000089600000, 0x0000000093f00000, 0x00000000d8780000)
  object space 173056K, 51% used [0x0000000089600000,0x000000008ece3cd8,0x0000000093f00000)
 Metaspace       used 60069K, capacity 60932K, committed 61160K, reserved 1103872K
  class space    used 7295K, capacity 7539K, committed 7552K, reserved 1048576K
Event: 30.579 GC heap after
Heap after GC invocations=21 (full 4):
 PSYoungGen      total 498688K, used 0K [0x00000000d8780000, 0x0000000100000000, 0x0000000100000000)
  eden space 369664K, 0% used [0x00000000d8780000,0x00000000d8780000,0x00000000ef080000)
  from space 129024K, 0% used [0x00000000ef080000,0x00000000ef080000,0x00000000f6e80000)
  to   space 128000K, 0% used [0x00000000f8300000,0x00000000f8300000,0x0000000100000000)
 ParOldGen       total 185344K, used 58622K [0x0000000089600000, 0x0000000094b00000, 0x00000000d8780000)
  object space 185344K, 31% used [0x0000000089600000,0x000000008cf3fa58,0x0000000094b00000)
 Metaspace       used 60069K, capacity 60932K, committed 61160K, reserved 1103872K
  class space    used 7295K, capacity 7539K, committed 7552K, reserved 1048576K
}

